<?xml version="1.0" encoding="UTF-8"?>
<!-- Generated by org.testng.reporters.JUnitReportReporter -->
<testsuite hostname="QZ-LT-156" failures="0" tests="201" name="com.qualizeal.selenium.DemoTest" time="2294.398" errors="2" timestamp="2024-12-30T14:57:38 IST" skipped="95">
  <testcase classname="com.qualizeal.selenium.DemoTest" name="test" time="19.770"/>
  <system-out/>
  <testcase classname="com.qualizeal.selenium.DemoTest" name="test" time="10.005">
    <skipped/>
  </testcase> <!-- test -->
  <system-out/>
  <testcase classname="com.qualizeal.selenium.DemoTest" name="test" time="20.362"/>
  <system-out/>
  <testcase classname="com.qualizeal.selenium.DemoTest" name="test" time="8.623">
    <skipped/>
  </testcase> <!-- test -->
  <system-out/>
  <testcase classname="com.qualizeal.selenium.DemoTest" name="test" time="21.451"/>
  <system-out/>
  <testcase classname="com.qualizeal.selenium.DemoTest" name="test" time="8.604">
    <skipped/>
  </testcase> <!-- test -->
  <system-out/>
  <testcase classname="com.qualizeal.selenium.DemoTest" name="test" time="22.428"/>
  <system-out/>
  <testcase classname="com.qualizeal.selenium.DemoTest" name="test" time="9.820">
    <skipped/>
  </testcase> <!-- test -->
  <system-out/>
  <testcase classname="com.qualizeal.selenium.DemoTest" name="test" time="17.518"/>
  <system-out/>
  <testcase classname="com.qualizeal.selenium.DemoTest" name="test" time="18.234"/>
  <system-out/>
  <testcase classname="com.qualizeal.selenium.DemoTest" name="test" time="8.977">
    <skipped/>
  </testcase> <!-- test -->
  <system-out/>
  <testcase classname="com.qualizeal.selenium.DemoTest" name="test" time="20.551"/>
  <system-out/>
  <testcase classname="com.qualizeal.selenium.DemoTest" name="test" time="21.157"/>
  <system-out/>
  <testcase classname="com.qualizeal.selenium.DemoTest" name="test" time="10.264">
    <skipped/>
  </testcase> <!-- test -->
  <system-out/>
  <testcase classname="com.qualizeal.selenium.DemoTest" name="test" time="8.934">
    <skipped/>
  </testcase> <!-- test -->
  <system-out/>
  <testcase classname="com.qualizeal.selenium.DemoTest" name="test" time="21.580"/>
  <system-out/>
  <testcase classname="com.qualizeal.selenium.DemoTest" name="test" time="9.069">
    <skipped/>
  </testcase> <!-- test -->
  <system-out/>
  <testcase classname="com.qualizeal.selenium.DemoTest" name="test" time="9.922">
    <skipped/>
  </testcase> <!-- test -->
  <system-out/>
  <testcase classname="com.qualizeal.selenium.DemoTest" name="test" time="10.159">
    <skipped/>
  </testcase> <!-- test -->
  <system-out/>
  <testcase classname="com.qualizeal.selenium.DemoTest" name="test" time="19.883"/>
  <system-out/>
  <testcase classname="com.qualizeal.selenium.DemoTest" name="test" time="20.249"/>
  <system-out/>
  <testcase classname="com.qualizeal.selenium.DemoTest" name="test" time="9.481">
    <skipped/>
  </testcase> <!-- test -->
  <system-out/>
  <testcase classname="com.qualizeal.selenium.DemoTest" name="test" time="9.213">
    <skipped/>
  </testcase> <!-- test -->
  <system-out/>
  <testcase classname="com.qualizeal.selenium.DemoTest" name="test" time="20.528"/>
  <system-out/>
  <testcase classname="com.qualizeal.selenium.DemoTest" name="test" time="20.601"/>
  <system-out/>
  <testcase classname="com.qualizeal.selenium.DemoTest" name="test" time="8.992">
    <skipped/>
  </testcase> <!-- test -->
  <system-out/>
  <testcase classname="com.qualizeal.selenium.DemoTest" name="test" time="8.636">
    <skipped/>
  </testcase> <!-- test -->
  <system-out/>
  <testcase classname="com.qualizeal.selenium.DemoTest" name="test" time="20.842"/>
  <system-out/>
  <testcase classname="com.qualizeal.selenium.DemoTest" name="test" time="10.512">
    <skipped/>
  </testcase> <!-- test -->
  <system-out/>
  <testcase classname="com.qualizeal.selenium.DemoTest" name="url" time="190.356">
    <error message="java.util.concurrent.TimeoutException
Build info: version: &#039;4.26.0&#039;, revision: &#039;8ccf0219d7&#039;
System info: os.name: &#039;Windows 11&#039;, os.arch: &#039;amd64&#039;, os.version: &#039;10.0&#039;, java.version: &#039;17.0.11&#039;
Driver info: org.openqa.selenium.chrome.ChromeDriver
Command: [f578fc0127423136b24de71a6432de97, get {url=https://demoqa.com/automation-practice-form}]
Capabilities {acceptInsecureCerts: false, browserName: chrome, browserVersion: 131.0.6778.204, chrome: {chromedriverVersion: 131.0.6778.204 (52183f9e99a..., userDataDir: C:\Users\QUALIZ~1\AppData\L...}, fedcm:accounts: true, goog:chromeOptions: {debuggerAddress: localhost:62433}, networkConnectionEnabled: false, pageLoadStrategy: normal, platformName: windows, proxy: Proxy(), se:cdp: ws://localhost:62433/devtoo..., se:cdpVersion: 131.0.6778.204, setWindowRect: true, strictFileInteractability: false, timeouts: {implicit: 0, pageLoad: 300000, script: 30000}, unhandledPromptBehavior: dismiss and notify, webauthn:extension:credBlob: true, webauthn:extension:largeBlob: true, webauthn:extension:minPinLength: true, webauthn:extension:prf: true, webauthn:virtualAuthenticators: true}
Session ID: f578fc0127423136b24de71a6432de97" type="org.openqa.selenium.TimeoutException">
      <![CDATA[org.openqa.selenium.TimeoutException: java.util.concurrent.TimeoutException
Build info: version: '4.26.0', revision: '8ccf0219d7'
System info: os.name: 'Windows 11', os.arch: 'amd64', os.version: '10.0', java.version: '17.0.11'
Driver info: org.openqa.selenium.chrome.ChromeDriver
Command: [f578fc0127423136b24de71a6432de97, get {url=https://demoqa.com/automation-practice-form}]
Capabilities {acceptInsecureCerts: false, browserName: chrome, browserVersion: 131.0.6778.204, chrome: {chromedriverVersion: 131.0.6778.204 (52183f9e99a..., userDataDir: C:\Users\QUALIZ~1\AppData\L...}, fedcm:accounts: true, goog:chromeOptions: {debuggerAddress: localhost:62433}, networkConnectionEnabled: false, pageLoadStrategy: normal, platformName: windows, proxy: Proxy(), se:cdp: ws://localhost:62433/devtoo..., se:cdpVersion: 131.0.6778.204, setWindowRect: true, strictFileInteractability: false, timeouts: {implicit: 0, pageLoad: 300000, script: 30000}, unhandledPromptBehavior: dismiss and notify, webauthn:extension:credBlob: true, webauthn:extension:largeBlob: true, webauthn:extension:minPinLength: true, webauthn:extension:prf: true, webauthn:virtualAuthenticators: true}
Session ID: f578fc0127423136b24de71a6432de97
at org.openqa.selenium.remote.http.jdk.JdkHttpClient.execute(JdkHttpClient.java:422)
at org.openqa.selenium.remote.HttpCommandExecutor.execute(HttpCommandExecutor.java:187)
at org.openqa.selenium.remote.service.DriverCommandExecutor.invokeExecute(DriverCommandExecutor.java:216)
at org.openqa.selenium.remote.service.DriverCommandExecutor.execute(DriverCommandExecutor.java:174)
at org.openqa.selenium.remote.RemoteWebDriver.execute(RemoteWebDriver.java:545)
at org.openqa.selenium.remote.RemoteWebDriver.get(RemoteWebDriver.java:313)
at com.qualizeal.selenium.Assignment.openURL(Assignment.java:29)
at com.qualizeal.selenium.DemoTest.url(DemoTest.java:22)
at jdk.internal.reflect.GeneratedMethodAccessor3.invoke(Unknown Source)
at java.base/jdk.internal.reflect.DelegatingMethodAccessorImpl.invoke(DelegatingMethodAccessorImpl.java:43)
at java.base/java.lang.reflect.Method.invoke(Method.java:568)
at org.testng.internal.MethodInvocationHelper.invokeMethod(MethodInvocationHelper.java:133)
at org.testng.internal.MethodInvocationHelper.invokeMethodConsideringTimeout(MethodInvocationHelper.java:62)
at org.testng.internal.ConfigInvoker.invokeConfigurationMethod(ConfigInvoker.java:385)
at org.testng.internal.ConfigInvoker.invokeConfigurations(ConfigInvoker.java:321)
at org.testng.internal.TestInvoker.runConfigMethods(TestInvoker.java:700)
at org.testng.internal.TestInvoker.invokeMethod(TestInvoker.java:527)
at org.testng.internal.TestInvoker.invokeTestMethod(TestInvoker.java:173)
at org.testng.internal.MethodRunner.runInSequence(MethodRunner.java:46)
at org.testng.internal.TestInvoker$MethodInvocationAgent.invoke(TestInvoker.java:824)
at org.testng.internal.TestInvoker.invokeTestMethods(TestInvoker.java:146)
at org.testng.internal.TestMethodWorker.invokeTestMethods(TestMethodWorker.java:146)
at org.testng.internal.TestMethodWorker.run(TestMethodWorker.java:128)
at java.base/java.util.ArrayList.forEach(ArrayList.java:1511)
at org.testng.TestRunner.privateRun(TestRunner.java:794)
at org.testng.TestRunner.run(TestRunner.java:596)
at org.testng.SuiteRunner.runTest(SuiteRunner.java:377)
at org.testng.SuiteRunner.runSequentially(SuiteRunner.java:371)
at org.testng.SuiteRunner.privateRun(SuiteRunner.java:332)
at org.testng.SuiteRunner.run(SuiteRunner.java:276)
at org.testng.SuiteRunnerWorker.runSuite(SuiteRunnerWorker.java:53)
at org.testng.SuiteRunnerWorker.run(SuiteRunnerWorker.java:96)
at org.testng.TestNG.runSuitesSequentially(TestNG.java:1212)
at org.testng.TestNG.runSuitesLocally(TestNG.java:1134)
at org.testng.TestNG.runSuites(TestNG.java:1063)
at org.testng.TestNG.run(TestNG.java:1031)
at org.testng.remote.AbstractRemoteTestNG.run(AbstractRemoteTestNG.java:115)
at org.testng.remote.RemoteTestNG.initAndRun(RemoteTestNG.java:293)
at org.testng.remote.RemoteTestNG.main(RemoteTestNG.java:91)
Caused by: java.util.concurrent.TimeoutException
at java.base/java.util.concurrent.CompletableFuture$Timeout.run(CompletableFuture.java:2874)
at java.base/java.util.concurrent.Executors$RunnableAdapter.call(Executors.java:539)
at java.base/java.util.concurrent.FutureTask.run(FutureTask.java:264)
at java.base/java.util.concurrent.ScheduledThreadPoolExecutor$ScheduledFutureTask.run(ScheduledThreadPoolExecutor.java:304)
at java.base/java.util.concurrent.ThreadPoolExecutor.runWorker(ThreadPoolExecutor.java:1136)
at java.base/java.util.concurrent.ThreadPoolExecutor$Worker.run(ThreadPoolExecutor.java:635)
at java.base/java.lang.Thread.run(Thread.java:842)
]]>
    </error>
  </testcase> <!-- url -->
  <system-out/>
  <testcase classname="com.qualizeal.selenium.DemoTest" name="test" time="9.398">
    <skipped/>
  </testcase> <!-- test -->
  <system-out/>
  <testcase classname="com.qualizeal.selenium.DemoTest" name="test" time="20.526"/>
  <system-out/>
  <testcase classname="com.qualizeal.selenium.DemoTest" name="test" time="20.902"/>
  <system-out/>
  <testcase classname="com.qualizeal.selenium.DemoTest" name="test" time="9.207">
    <skipped/>
  </testcase> <!-- test -->
  <system-out/>
  <testcase classname="com.qualizeal.selenium.DemoTest" name="test" time="9.275">
    <skipped/>
  </testcase> <!-- test -->
  <system-out/>
  <testcase classname="com.qualizeal.selenium.DemoTest" name="test" time="22.000"/>
  <system-out/>
  <testcase classname="com.qualizeal.selenium.DemoTest" name="test" time="20.586"/>
  <system-out/>
  <testcase classname="com.qualizeal.selenium.DemoTest" name="test" time="21.306"/>
  <system-out/>
  <testcase classname="com.qualizeal.selenium.DemoTest" name="test" time="10.928">
    <skipped/>
  </testcase> <!-- test -->
  <system-out/>
  <testcase classname="com.qualizeal.selenium.DemoTest" name="test" time="8.648">
    <skipped/>
  </testcase> <!-- test -->
  <system-out/>
  <testcase classname="com.qualizeal.selenium.DemoTest" name="test" time="20.166"/>
  <system-out/>
  <testcase classname="com.qualizeal.selenium.DemoTest" name="test" time="19.694"/>
  <system-out/>
  <testcase classname="com.qualizeal.selenium.DemoTest" name="test" time="8.855">
    <skipped/>
  </testcase> <!-- test -->
  <system-out/>
  <testcase classname="com.qualizeal.selenium.DemoTest" name="test" time="8.811">
    <skipped/>
  </testcase> <!-- test -->
  <system-out/>
  <testcase classname="com.qualizeal.selenium.DemoTest" name="test" time="9.139">
    <skipped/>
  </testcase> <!-- test -->
  <system-out/>
  <testcase classname="com.qualizeal.selenium.DemoTest" name="test" time="9.297">
    <skipped/>
  </testcase> <!-- test -->
  <system-out/>
  <testcase classname="com.qualizeal.selenium.DemoTest" name="test" time="8.566">
    <skipped/>
  </testcase> <!-- test -->
  <system-out/>
  <testcase classname="com.qualizeal.selenium.DemoTest" name="test" time="19.676"/>
  <system-out/>
  <testcase classname="com.qualizeal.selenium.DemoTest" name="test" time="9.851">
    <skipped/>
  </testcase> <!-- test -->
  <system-out/>
  <testcase classname="com.qualizeal.selenium.DemoTest" name="test" time="17.316"/>
  <system-out/>
  <testcase classname="com.qualizeal.selenium.DemoTest" name="test" time="9.505">
    <skipped/>
  </testcase> <!-- test -->
  <system-out/>
  <testcase classname="com.qualizeal.selenium.DemoTest" name="test" time="19.616"/>
  <system-out/>
  <testcase classname="com.qualizeal.selenium.DemoTest" name="test" time="23.612"/>
  <system-out/>
  <testcase classname="com.qualizeal.selenium.DemoTest" name="test" time="22.701"/>
  <system-out/>
  <testcase classname="com.qualizeal.selenium.DemoTest" name="test" time="9.162">
    <skipped/>
  </testcase> <!-- test -->
  <system-out/>
  <testcase classname="com.qualizeal.selenium.DemoTest" name="test" time="21.427"/>
  <system-out/>
  <testcase classname="com.qualizeal.selenium.DemoTest" name="test" time="9.423">
    <skipped/>
  </testcase> <!-- test -->
  <system-out/>
  <testcase classname="com.qualizeal.selenium.DemoTest" name="test" time="9.910">
    <skipped/>
  </testcase> <!-- test -->
  <system-out/>
  <testcase classname="com.qualizeal.selenium.DemoTest" name="test" time="19.644"/>
  <system-out/>
  <testcase classname="com.qualizeal.selenium.DemoTest" name="test" time="19.936"/>
  <system-out/>
  <testcase classname="com.qualizeal.selenium.DemoTest" name="test" time="21.681"/>
  <system-out/>
  <testcase classname="com.qualizeal.selenium.DemoTest" name="test" time="9.145">
    <skipped/>
  </testcase> <!-- test -->
  <system-out/>
  <testcase classname="com.qualizeal.selenium.DemoTest" name="test" time="20.263"/>
  <system-out/>
  <testcase classname="com.qualizeal.selenium.DemoTest" name="test" time="19.281"/>
  <system-out/>
  <testcase classname="com.qualizeal.selenium.DemoTest" name="test" time="20.890"/>
  <system-out/>
  <testcase classname="com.qualizeal.selenium.DemoTest" name="test" time="8.978">
    <skipped/>
  </testcase> <!-- test -->
  <system-out/>
  <testcase classname="com.qualizeal.selenium.DemoTest" name="test" time="9.114">
    <skipped/>
  </testcase> <!-- test -->
  <system-out/>
  <testcase classname="com.qualizeal.selenium.DemoTest" name="test" time="19.509"/>
  <system-out/>
  <testcase classname="com.qualizeal.selenium.DemoTest" name="test" time="19.803"/>
  <system-out/>
  <testcase classname="com.qualizeal.selenium.DemoTest" name="test" time="19.705"/>
  <system-out/>
  <testcase classname="com.qualizeal.selenium.DemoTest" name="test" time="21.406"/>
  <system-out/>
  <testcase classname="com.qualizeal.selenium.DemoTest" name="test" time="21.489"/>
  <system-out/>
  <testcase classname="com.qualizeal.selenium.DemoTest" name="test" time="9.265">
    <skipped/>
  </testcase> <!-- test -->
  <system-out/>
  <testcase classname="com.qualizeal.selenium.DemoTest" name="test" time="9.414">
    <skipped/>
  </testcase> <!-- test -->
  <system-out/>
  <testcase classname="com.qualizeal.selenium.DemoTest" name="test" time="19.344"/>
  <system-out/>
  <testcase classname="com.qualizeal.selenium.DemoTest" name="test" time="9.998">
    <skipped/>
  </testcase> <!-- test -->
  <system-out/>
  <testcase classname="com.qualizeal.selenium.DemoTest" name="test" time="10.389">
    <skipped/>
  </testcase> <!-- test -->
  <system-out/>
  <testcase classname="com.qualizeal.selenium.DemoTest" name="test" time="20.382"/>
  <system-out/>
  <testcase classname="com.qualizeal.selenium.DemoTest" name="test" time="22.917"/>
  <system-out/>
  <testcase classname="com.qualizeal.selenium.DemoTest" name="test" time="20.166"/>
  <system-out/>
  <testcase classname="com.qualizeal.selenium.DemoTest" name="test" time="19.798"/>
  <system-out/>
  <testcase classname="com.qualizeal.selenium.DemoTest" name="test" time="17.519"/>
  <system-out/>
  <testcase classname="com.qualizeal.selenium.DemoTest" name="test" time="9.137">
    <skipped/>
  </testcase> <!-- test -->
  <system-out/>
  <testcase classname="com.qualizeal.selenium.DemoTest" name="test" time="19.193"/>
  <system-out/>
  <testcase classname="com.qualizeal.selenium.DemoTest" name="test" time="10.272">
    <skipped/>
  </testcase> <!-- test -->
  <system-out/>
  <testcase classname="com.qualizeal.selenium.DemoTest" name="test" time="20.646"/>
  <system-out/>
  <testcase classname="com.qualizeal.selenium.DemoTest" name="test" time="9.231">
    <skipped/>
  </testcase> <!-- test -->
  <system-out/>
  <testcase classname="com.qualizeal.selenium.DemoTest" name="test" time="19.830"/>
  <system-out/>
  <testcase classname="com.qualizeal.selenium.DemoTest" name="test" time="20.475"/>
  <system-out/>
  <testcase classname="com.qualizeal.selenium.DemoTest" name="test" time="9.602">
    <skipped/>
  </testcase> <!-- test -->
  <system-out/>
  <testcase classname="com.qualizeal.selenium.DemoTest" name="test" time="9.343">
    <skipped/>
  </testcase> <!-- test -->
  <system-out/>
  <testcase classname="com.qualizeal.selenium.DemoTest" name="test" time="10.305">
    <skipped/>
  </testcase> <!-- test -->
  <system-out/>
  <testcase classname="com.qualizeal.selenium.DemoTest" name="test" time="9.496">
    <skipped/>
  </testcase> <!-- test -->
  <system-out/>
  <testcase classname="com.qualizeal.selenium.DemoTest" name="test" time="9.218">
    <skipped/>
  </testcase> <!-- test -->
  <system-out/>
  <testcase classname="com.qualizeal.selenium.DemoTest" name="test" time="8.733">
    <skipped/>
  </testcase> <!-- test -->
  <system-out/>
  <testcase classname="com.qualizeal.selenium.DemoTest" name="test" time="9.567">
    <skipped/>
  </testcase> <!-- test -->
  <system-out/>
  <testcase classname="com.qualizeal.selenium.DemoTest" name="test" time="9.574">
    <skipped/>
  </testcase> <!-- test -->
  <system-out/>
  <testcase classname="com.qualizeal.selenium.DemoTest" name="test" time="21.321"/>
  <system-out/>
  <testcase classname="com.qualizeal.selenium.DemoTest" name="test" time="22.274"/>
  <system-out/>
  <testcase classname="com.qualizeal.selenium.DemoTest" name="test" time="9.182">
    <skipped/>
  </testcase> <!-- test -->
  <system-out/>
  <testcase classname="com.qualizeal.selenium.DemoTest" name="test" time="9.615">
    <skipped/>
  </testcase> <!-- test -->
  <system-out/>
  <testcase classname="com.qualizeal.selenium.DemoTest" name="test" time="20.243"/>
  <system-out/>
  <testcase classname="com.qualizeal.selenium.DemoTest" name="test" time="9.405">
    <skipped/>
  </testcase> <!-- test -->
  <system-out/>
  <testcase classname="com.qualizeal.selenium.DemoTest" name="test" time="19.207"/>
  <system-out/>
  <testcase classname="com.qualizeal.selenium.DemoTest" name="test" time="20.562"/>
  <system-out/>
  <testcase classname="com.qualizeal.selenium.DemoTest" name="test" time="0.000">
    <skipped/>
  </testcase> <!-- test -->
  <system-out/>
  <testcase classname="com.qualizeal.selenium.DemoTest" name="test" time="0.000">
    <skipped/>
  </testcase> <!-- test -->
  <system-out/>
  <testcase classname="com.qualizeal.selenium.DemoTest" name="test" time="10.418"/>
  <system-out/>
  <testcase classname="com.qualizeal.selenium.DemoTest" name="test" time="0.000">
    <skipped/>
  </testcase> <!-- test -->
  <system-out/>
  <testcase classname="com.qualizeal.selenium.DemoTest" name="test" time="10.139"/>
  <system-out/>
  <testcase classname="com.qualizeal.selenium.DemoTest" name="test" time="10.889"/>
  <system-out/>
  <testcase classname="com.qualizeal.selenium.DemoTest" name="test" time="10.402"/>
  <system-out/>
  <testcase classname="com.qualizeal.selenium.DemoTest" name="test" time="10.508"/>
  <system-out/>
  <testcase classname="com.qualizeal.selenium.DemoTest" name="test" time="0.000">
    <skipped/>
  </testcase> <!-- test -->
  <system-out/>
  <testcase classname="com.qualizeal.selenium.DemoTest" name="test" time="10.986"/>
  <system-out/>
  <testcase classname="com.qualizeal.selenium.DemoTest" name="test" time="11.079"/>
  <system-out/>
  <testcase classname="com.qualizeal.selenium.DemoTest" name="test" time="0.000">
    <skipped/>
  </testcase> <!-- test -->
  <system-out/>
  <testcase classname="com.qualizeal.selenium.DemoTest" name="test" time="0.000">
    <skipped/>
  </testcase> <!-- test -->
  <system-out/>
  <testcase classname="com.qualizeal.selenium.DemoTest" name="test" time="0.000">
    <skipped/>
  </testcase> <!-- test -->
  <system-out/>
  <testcase classname="com.qualizeal.selenium.DemoTest" name="test" time="11.050"/>
  <system-out/>
  <testcase classname="com.qualizeal.selenium.DemoTest" name="test" time="14.336"/>
  <system-out/>
  <testcase classname="com.qualizeal.selenium.DemoTest" name="test" time="9.401"/>
  <system-out/>
  <testcase classname="com.qualizeal.selenium.DemoTest" name="test" time="0.000">
    <skipped/>
  </testcase> <!-- test -->
  <system-out/>
  <testcase classname="com.qualizeal.selenium.DemoTest" name="test" time="0.000">
    <skipped/>
  </testcase> <!-- test -->
  <system-out/>
  <testcase classname="com.qualizeal.selenium.DemoTest" name="test" time="10.442"/>
  <system-out/>
  <testcase classname="com.qualizeal.selenium.DemoTest" name="test" time="8.513">
    <error message="element click intercepted: Element &lt;div class=&quot; css-1wa3eu0-placeholder&quot;&gt;...&lt;/div&gt; is not clickable at point (745, 81). Other element would receive the click: &lt;div class=&quot;col-md-4 col-sm-12&quot;&gt;...&lt;/div&gt;
  (Session info: chrome=131.0.6778.204)
Build info: version: &#039;4.26.0&#039;, revision: &#039;8ccf0219d7&#039;
System info: os.name: &#039;Windows 11&#039;, os.arch: &#039;amd64&#039;, os.version: &#039;10.0&#039;, java.version: &#039;17.0.11&#039;
Driver info: org.openqa.selenium.chrome.ChromeDriver
Command: [1c0c992271e4bf947259fc7dd5aa9dcc, clickElement {id=f.0ACE8584F3C0E185BA98E86E0A586A6A.d.10F11EBDE585335940F45945FB1ACB99.e.100}]
Capabilities {acceptInsecureCerts: false, browserName: chrome, browserVersion: 131.0.6778.204, chrome: {chromedriverVersion: 131.0.6778.204 (52183f9e99a..., userDataDir: C:\Users\QUALIZ~1\AppData\L...}, fedcm:accounts: true, goog:chromeOptions: {debuggerAddress: localhost:61756}, networkConnectionEnabled: false, pageLoadStrategy: normal, platformName: windows, proxy: Proxy(), se:cdp: ws://localhost:61756/devtoo..., se:cdpVersion: 131.0.6778.204, setWindowRect: true, strictFileInteractability: false, timeouts: {implicit: 0, pageLoad: 300000, script: 30000}, unhandledPromptBehavior: dismiss and notify, webauthn:extension:credBlob: true, webauthn:extension:largeBlob: true, webauthn:extension:minPinLength: true, webauthn:extension:prf: true, webauthn:virtualAuthenticators: true}
Element: [[ChromeDriver: chrome on windows (1c0c992271e4bf947259fc7dd5aa9dcc)] -&gt; xpath: //div[@class=&#039; css-1wa3eu0-placeholder&#039; and text()=&#039;Select City&#039;]]
Session ID: 1c0c992271e4bf947259fc7dd5aa9dcc" type="org.openqa.selenium.ElementClickInterceptedException">
      <![CDATA[org.openqa.selenium.ElementClickInterceptedException: element click intercepted: Element <div class=" css-1wa3eu0-placeholder">...</div> is not clickable at point (745, 81). Other element would receive the click: <div class="col-md-4 col-sm-12">...</div>
  (Session info: chrome=131.0.6778.204)
Build info: version: '4.26.0', revision: '8ccf0219d7'
System info: os.name: 'Windows 11', os.arch: 'amd64', os.version: '10.0', java.version: '17.0.11'
Driver info: org.openqa.selenium.chrome.ChromeDriver
Command: [1c0c992271e4bf947259fc7dd5aa9dcc, clickElement {id=f.0ACE8584F3C0E185BA98E86E0A586A6A.d.10F11EBDE585335940F45945FB1ACB99.e.100}]
Capabilities {acceptInsecureCerts: false, browserName: chrome, browserVersion: 131.0.6778.204, chrome: {chromedriverVersion: 131.0.6778.204 (52183f9e99a..., userDataDir: C:\Users\QUALIZ~1\AppData\L...}, fedcm:accounts: true, goog:chromeOptions: {debuggerAddress: localhost:61756}, networkConnectionEnabled: false, pageLoadStrategy: normal, platformName: windows, proxy: Proxy(), se:cdp: ws://localhost:61756/devtoo..., se:cdpVersion: 131.0.6778.204, setWindowRect: true, strictFileInteractability: false, timeouts: {implicit: 0, pageLoad: 300000, script: 30000}, unhandledPromptBehavior: dismiss and notify, webauthn:extension:credBlob: true, webauthn:extension:largeBlob: true, webauthn:extension:minPinLength: true, webauthn:extension:prf: true, webauthn:virtualAuthenticators: true}
Element: [[ChromeDriver: chrome on windows (1c0c992271e4bf947259fc7dd5aa9dcc)] -> xpath: //div[@class=' css-1wa3eu0-placeholder' and text()='Select City']]
Session ID: 1c0c992271e4bf947259fc7dd5aa9dcc
at java.base/jdk.internal.reflect.NativeConstructorAccessorImpl.newInstance0(Native Method)
at java.base/jdk.internal.reflect.NativeConstructorAccessorImpl.newInstance(NativeConstructorAccessorImpl.java:77)
at java.base/jdk.internal.reflect.DelegatingConstructorAccessorImpl.newInstance(DelegatingConstructorAccessorImpl.java:45)
at java.base/java.lang.reflect.Constructor.newInstanceWithCaller(Constructor.java:499)
at java.base/java.lang.reflect.Constructor.newInstance(Constructor.java:480)
at org.openqa.selenium.remote.ErrorCodec.decode(ErrorCodec.java:167)
at org.openqa.selenium.remote.codec.w3c.W3CHttpResponseCodec.decode(W3CHttpResponseCodec.java:138)
at org.openqa.selenium.remote.codec.w3c.W3CHttpResponseCodec.decode(W3CHttpResponseCodec.java:50)
at org.openqa.selenium.remote.HttpCommandExecutor.execute(HttpCommandExecutor.java:190)
at org.openqa.selenium.remote.service.DriverCommandExecutor.invokeExecute(DriverCommandExecutor.java:216)
at org.openqa.selenium.remote.service.DriverCommandExecutor.execute(DriverCommandExecutor.java:174)
at org.openqa.selenium.remote.RemoteWebDriver.execute(RemoteWebDriver.java:545)
at org.openqa.selenium.remote.RemoteWebElement.execute(RemoteWebElement.java:223)
at org.openqa.selenium.remote.RemoteWebElement.click(RemoteWebElement.java:76)
at com.qualizeal.selenium.Assignment.setStateAndCity(Assignment.java:141)
at com.qualizeal.selenium.DemoTest.test(DemoTest.java:44)
at jdk.internal.reflect.GeneratedMethodAccessor7.invoke(Unknown Source)
at java.base/jdk.internal.reflect.DelegatingMethodAccessorImpl.invoke(DelegatingMethodAccessorImpl.java:43)
at java.base/java.lang.reflect.Method.invoke(Method.java:568)
at org.testng.internal.MethodInvocationHelper.invokeMethod(MethodInvocationHelper.java:133)
at org.testng.internal.TestInvoker.invokeMethod(TestInvoker.java:598)
at org.testng.internal.TestInvoker.invokeTestMethod(TestInvoker.java:173)
at org.testng.internal.MethodRunner.runInSequence(MethodRunner.java:46)
at org.testng.internal.TestInvoker$MethodInvocationAgent.invoke(TestInvoker.java:824)
at org.testng.internal.TestInvoker.invokeTestMethods(TestInvoker.java:146)
at org.testng.internal.TestMethodWorker.invokeTestMethods(TestMethodWorker.java:146)
at org.testng.internal.TestMethodWorker.run(TestMethodWorker.java:128)
at java.base/java.util.ArrayList.forEach(ArrayList.java:1511)
at org.testng.TestRunner.privateRun(TestRunner.java:794)
at org.testng.TestRunner.run(TestRunner.java:596)
at org.testng.SuiteRunner.runTest(SuiteRunner.java:377)
at org.testng.SuiteRunner.runSequentially(SuiteRunner.java:371)
at org.testng.SuiteRunner.privateRun(SuiteRunner.java:332)
at org.testng.SuiteRunner.run(SuiteRunner.java:276)
at org.testng.SuiteRunnerWorker.runSuite(SuiteRunnerWorker.java:53)
at org.testng.SuiteRunnerWorker.run(SuiteRunnerWorker.java:96)
at org.testng.TestNG.runSuitesSequentially(TestNG.java:1212)
at org.testng.TestNG.runSuitesLocally(TestNG.java:1134)
at org.testng.TestNG.runSuites(TestNG.java:1063)
at org.testng.TestNG.run(TestNG.java:1031)
at org.testng.remote.AbstractRemoteTestNG.run(AbstractRemoteTestNG.java:115)
at org.testng.remote.RemoteTestNG.initAndRun(RemoteTestNG.java:293)
at org.testng.remote.RemoteTestNG.main(RemoteTestNG.java:91)
]]>
    </error>
  </testcase> <!-- test -->
  <system-out/>
  <testcase classname="com.qualizeal.selenium.DemoTest" name="test" time="0.000">
    <skipped/>
  </testcase> <!-- test -->
  <system-out/>
  <testcase classname="com.qualizeal.selenium.DemoTest" name="test" time="10.915"/>
  <system-out/>
  <testcase classname="com.qualizeal.selenium.DemoTest" name="test" time="10.482"/>
  <system-out/>
  <testcase classname="com.qualizeal.selenium.DemoTest" name="test" time="0.000">
    <skipped/>
  </testcase> <!-- test -->
  <system-out/>
  <testcase classname="com.qualizeal.selenium.DemoTest" name="test" time="8.832"/>
  <system-out/>
  <testcase classname="com.qualizeal.selenium.DemoTest" name="test" time="0.000">
    <skipped/>
  </testcase> <!-- test -->
  <system-out/>
  <testcase classname="com.qualizeal.selenium.DemoTest" name="test" time="8.848"/>
  <system-out/>
  <testcase classname="com.qualizeal.selenium.DemoTest" name="test" time="0.000">
    <skipped/>
  </testcase> <!-- test -->
  <system-out/>
  <testcase classname="com.qualizeal.selenium.DemoTest" name="test" time="10.104"/>
  <system-out/>
  <testcase classname="com.qualizeal.selenium.DemoTest" name="test" time="0.000">
    <skipped/>
  </testcase> <!-- test -->
  <system-out/>
  <testcase classname="com.qualizeal.selenium.DemoTest" name="test" time="10.454"/>
  <system-out/>
  <testcase classname="com.qualizeal.selenium.DemoTest" name="test" time="0.000">
    <skipped/>
  </testcase> <!-- test -->
  <system-out/>
  <testcase classname="com.qualizeal.selenium.DemoTest" name="test" time="0.000">
    <skipped/>
  </testcase> <!-- test -->
  <system-out/>
  <testcase classname="com.qualizeal.selenium.DemoTest" name="test" time="10.586"/>
  <system-out/>
  <testcase classname="com.qualizeal.selenium.DemoTest" name="test" time="0.000">
    <skipped/>
  </testcase> <!-- test -->
  <system-out/>
  <testcase classname="com.qualizeal.selenium.DemoTest" name="test" time="11.027"/>
  <system-out/>
  <testcase classname="com.qualizeal.selenium.DemoTest" name="test" time="0.000">
    <skipped/>
  </testcase> <!-- test -->
  <system-out/>
  <testcase classname="com.qualizeal.selenium.DemoTest" name="test" time="10.250"/>
  <system-out/>
  <testcase classname="com.qualizeal.selenium.DemoTest" name="test" time="10.093"/>
  <system-out/>
  <testcase classname="com.qualizeal.selenium.DemoTest" name="test" time="10.169"/>
  <system-out/>
  <testcase classname="com.qualizeal.selenium.DemoTest" name="test" time="11.037"/>
  <system-out/>
  <testcase classname="com.qualizeal.selenium.DemoTest" name="test" time="10.279"/>
  <system-out/>
  <testcase classname="com.qualizeal.selenium.DemoTest" name="test" time="10.381"/>
  <system-out/>
  <testcase classname="com.qualizeal.selenium.DemoTest" name="test" time="0.000">
    <skipped/>
  </testcase> <!-- test -->
  <system-out/>
  <testcase classname="com.qualizeal.selenium.DemoTest" name="test" time="7.988"/>
  <system-out/>
  <testcase classname="com.qualizeal.selenium.DemoTest" name="test" time="0.000">
    <skipped/>
  </testcase> <!-- test -->
  <system-out/>
  <testcase classname="com.qualizeal.selenium.DemoTest" name="test" time="11.038"/>
  <system-out/>
  <testcase classname="com.qualizeal.selenium.DemoTest" name="test" time="0.000">
    <skipped/>
  </testcase> <!-- test -->
  <system-out/>
  <testcase classname="com.qualizeal.selenium.DemoTest" name="test" time="8.199"/>
  <system-out/>
  <testcase classname="com.qualizeal.selenium.DemoTest" name="test" time="0.000">
    <skipped/>
  </testcase> <!-- test -->
  <system-out/>
  <testcase classname="com.qualizeal.selenium.DemoTest" name="test" time="0.000">
    <skipped/>
  </testcase> <!-- test -->
  <system-out/>
  <testcase classname="com.qualizeal.selenium.DemoTest" name="test" time="10.393"/>
  <system-out/>
  <testcase classname="com.qualizeal.selenium.DemoTest" name="test" time="0.000">
    <skipped/>
  </testcase> <!-- test -->
  <system-out/>
  <testcase classname="com.qualizeal.selenium.DemoTest" name="test" time="0.000">
    <skipped/>
  </testcase> <!-- test -->
  <system-out/>
  <testcase classname="com.qualizeal.selenium.DemoTest" name="test" time="0.000">
    <skipped/>
  </testcase> <!-- test -->
  <system-out/>
  <testcase classname="com.qualizeal.selenium.DemoTest" name="test" time="10.173"/>
  <system-out/>
  <testcase classname="com.qualizeal.selenium.DemoTest" name="test" time="0.000">
    <skipped/>
  </testcase> <!-- test -->
  <system-out/>
  <testcase classname="com.qualizeal.selenium.DemoTest" name="test" time="10.407"/>
  <system-out/>
  <testcase classname="com.qualizeal.selenium.DemoTest" name="test" time="10.696"/>
  <system-out/>
  <testcase classname="com.qualizeal.selenium.DemoTest" name="test" time="10.405"/>
  <system-out/>
  <testcase classname="com.qualizeal.selenium.DemoTest" name="test" time="0.000">
    <skipped/>
  </testcase> <!-- test -->
  <system-out/>
  <testcase classname="com.qualizeal.selenium.DemoTest" name="test" time="10.794"/>
  <system-out/>
  <testcase classname="com.qualizeal.selenium.DemoTest" name="test" time="0.000">
    <skipped/>
  </testcase> <!-- test -->
  <system-out/>
  <testcase classname="com.qualizeal.selenium.DemoTest" name="test" time="0.000">
    <skipped/>
  </testcase> <!-- test -->
  <system-out/>
  <testcase classname="com.qualizeal.selenium.DemoTest" name="test" time="12.014"/>
  <system-out/>
  <testcase classname="com.qualizeal.selenium.DemoTest" name="test" time="0.000">
    <skipped/>
  </testcase> <!-- test -->
  <system-out/>
  <testcase classname="com.qualizeal.selenium.DemoTest" name="test" time="0.000">
    <skipped/>
  </testcase> <!-- test -->
  <system-out/>
  <testcase classname="com.qualizeal.selenium.DemoTest" name="test" time="10.059"/>
  <system-out/>
  <testcase classname="com.qualizeal.selenium.DemoTest" name="test" time="8.588"/>
  <system-out/>
  <testcase classname="com.qualizeal.selenium.DemoTest" name="test" time="10.810"/>
  <system-out/>
  <testcase classname="com.qualizeal.selenium.DemoTest" name="test" time="0.000">
    <skipped/>
  </testcase> <!-- test -->
  <system-out/>
  <testcase classname="com.qualizeal.selenium.DemoTest" name="test" time="0.000">
    <skipped/>
  </testcase> <!-- test -->
  <system-out/>
  <testcase classname="com.qualizeal.selenium.DemoTest" name="test" time="10.926"/>
  <system-out/>
  <testcase classname="com.qualizeal.selenium.DemoTest" name="test" time="10.494"/>
  <system-out/>
  <testcase classname="com.qualizeal.selenium.DemoTest" name="test" time="10.681"/>
  <system-out/>
  <testcase classname="com.qualizeal.selenium.DemoTest" name="test" time="10.401"/>
  <system-out/>
  <testcase classname="com.qualizeal.selenium.DemoTest" name="test" time="10.452"/>
  <system-out/>
  <testcase classname="com.qualizeal.selenium.DemoTest" name="test" time="10.966"/>
  <system-out/>
  <testcase classname="com.qualizeal.selenium.DemoTest" name="test" time="10.430"/>
  <system-out/>
  <testcase classname="com.qualizeal.selenium.DemoTest" name="test" time="0.000">
    <skipped/>
  </testcase> <!-- test -->
  <system-out/>
  <testcase classname="com.qualizeal.selenium.DemoTest" name="test" time="0.000">
    <skipped/>
  </testcase> <!-- test -->
  <system-out/>
  <testcase classname="com.qualizeal.selenium.DemoTest" name="test" time="10.999"/>
  <system-out/>
  <testcase classname="com.qualizeal.selenium.DemoTest" name="test" time="10.337"/>
  <system-out/>
  <testcase classname="com.qualizeal.selenium.DemoTest" name="test" time="10.467"/>
  <system-out/>
  <testcase classname="com.qualizeal.selenium.DemoTest" name="test" time="10.909"/>
  <system-out/>
  <testcase classname="com.qualizeal.selenium.DemoTest" name="test" time="0.000">
    <skipped/>
  </testcase> <!-- test -->
  <system-out/>
  <testcase classname="com.qualizeal.selenium.DemoTest" name="test" time="0.000">
    <skipped/>
  </testcase> <!-- test -->
  <system-out/>
  <testcase classname="com.qualizeal.selenium.DemoTest" name="test" time="0.000">
    <skipped/>
  </testcase> <!-- test -->
  <system-out/>
  <testcase classname="com.qualizeal.selenium.DemoTest" name="test" time="10.640"/>
  <system-out/>
  <testcase classname="com.qualizeal.selenium.DemoTest" name="test" time="0.000">
    <skipped/>
  </testcase> <!-- test -->
  <system-out/>
  <testcase classname="com.qualizeal.selenium.DemoTest" name="test" time="0.000">
    <skipped/>
  </testcase> <!-- test -->
  <system-out/>
  <testcase classname="com.qualizeal.selenium.DemoTest" name="test" time="0.000">
    <skipped/>
  </testcase> <!-- test -->
  <system-out/>
  <testcase classname="com.qualizeal.selenium.DemoTest" name="test" time="10.821"/>
  <system-out/>
  <testcase classname="com.qualizeal.selenium.DemoTest" name="test" time="0.000">
    <skipped/>
  </testcase> <!-- test -->
  <system-out/>
  <testcase classname="com.qualizeal.selenium.DemoTest" name="test" time="0.000">
    <skipped/>
  </testcase> <!-- test -->
  <system-out/>
</testsuite> <!-- com.qualizeal.selenium.DemoTest -->
